{"C:\\Users\\Usuario\\Documents\\Programación\\Proyectos\\Pluma-De-Cuervo\\Pluma De Cuervo\\backend\\src\\server\\books\\utils\\extractContentFromTextArea.ts": {"path":"C:\\Users\\Usuario\\Documents\\Programación\\Proyectos\\Pluma-De-Cuervo\\Pluma De Cuervo\\backend\\src\\server\\books\\utils\\extractContentFromTextArea.ts","all":false,"statementMap":{"0":{"start":{"line":1,"column":0},"end":{"line":1,"column":68}},"1":{"start":{"line":2,"column":0},"end":{"line":2,"column":59}},"2":{"start":{"line":3,"column":0},"end":{"line":3,"column":52}},"3":{"start":{"line":4,"column":0},"end":{"line":4,"column":54}},"4":{"start":{"line":5,"column":0},"end":{"line":5,"column":22}},"5":{"start":{"line":6,"column":0},"end":{"line":6,"column":21}},"6":{"start":{"line":7,"column":0},"end":{"line":7,"column":6}},"7":{"start":{"line":8,"column":0},"end":{"line":8,"column":0}},"8":{"start":{"line":9,"column":0},"end":{"line":9,"column":17}},"9":{"start":{"line":10,"column":0},"end":{"line":10,"column":1}}},"s":{"0":1,"1":1,"2":1,"3":1,"4":2,"5":2,"6":1,"7":1,"8":1,"9":1},"branchMap":{"0":{"type":"branch","line":1,"loc":{"start":{"line":1,"column":0},"end":{"line":10,"column":1}},"locations":[{"start":{"line":1,"column":0},"end":{"line":10,"column":1}}]},"1":{"type":"branch","line":4,"loc":{"start":{"line":4,"column":37},"end":{"line":7,"column":4}},"locations":[{"start":{"line":4,"column":37},"end":{"line":7,"column":4}}]}},"b":{"0":[1],"1":[2]},"fnMap":{"0":{"name":"extractContentFromTextArea","decl":{"start":{"line":1,"column":0},"end":{"line":10,"column":1}},"loc":{"start":{"line":1,"column":0},"end":{"line":10,"column":1}},"line":1}},"f":{"0":1}}
}
